2020-01-30 09:42:37,849 INFO org.springframework.boot.StartupInfoLogger [restartedMain] Starting VinylApplication on WS-CJ-U2-2845 with PID 17576 (D:\VinylApp\VINYLAPP\VinylApp-Spring\target\classes started by norbert.kovacs in D:\VinylApp\VINYLAPP\VinylApp-Spring)
2020-01-30 09:42:37,874 DEBUG org.springframework.boot.StartupInfoLogger [restartedMain] Running with Spring Boot v2.0.0.RELEASE, Spring v5.0.4.RELEASE
2020-01-30 09:42:37,879 INFO org.springframework.boot.SpringApplication [restartedMain] No active profile set, falling back to default profiles: default
2020-01-30 09:42:38,111 INFO org.springframework.context.support.AbstractApplicationContext [restartedMain] Refreshing org.springframework.boot.web.servlet.context.AnnotationConfigServletWebServerApplicationContext@7712a8b: startup date [Thu Jan 30 09:42:38 EET 2020]; root of context hierarchy
2020-01-30 09:42:41,709 INFO org.springframework.context.support.PostProcessorRegistrationDelegate$BeanPostProcessorChecker [restartedMain] Bean 'org.springframework.transaction.annotation.ProxyTransactionManagementConfiguration' of type [org.springframework.transaction.annotation.ProxyTransactionManagementConfiguration$$EnhancerBySpringCGLIB$$1cd694c] is not eligible for getting processed by all BeanPostProcessors (for example: not eligible for auto-proxying)
2020-01-30 09:42:41,782 INFO org.springframework.context.support.PostProcessorRegistrationDelegate$BeanPostProcessorChecker [restartedMain] Bean 'org.springframework.security.config.annotation.configuration.ObjectPostProcessorConfiguration' of type [org.springframework.security.config.annotation.configuration.ObjectPostProcessorConfiguration$$EnhancerBySpringCGLIB$$9a7b3186] is not eligible for getting processed by all BeanPostProcessors (for example: not eligible for auto-proxying)
2020-01-30 09:42:41,796 INFO org.springframework.context.support.PostProcessorRegistrationDelegate$BeanPostProcessorChecker [restartedMain] Bean 'objectPostProcessor' of type [org.springframework.security.config.annotation.configuration.AutowireBeanFactoryObjectPostProcessor] is not eligible for getting processed by all BeanPostProcessors (for example: not eligible for auto-proxying)
2020-01-30 09:42:41,800 INFO org.springframework.context.support.PostProcessorRegistrationDelegate$BeanPostProcessorChecker [restartedMain] Bean 'org.springframework.security.access.expression.method.DefaultMethodSecurityExpressionHandler@620b432' of type [org.springframework.security.access.expression.method.DefaultMethodSecurityExpressionHandler] is not eligible for getting processed by all BeanPostProcessors (for example: not eligible for auto-proxying)
2020-01-30 09:42:41,815 INFO org.springframework.context.support.PostProcessorRegistrationDelegate$BeanPostProcessorChecker [restartedMain] Bean 'org.springframework.security.config.annotation.method.configuration.GlobalMethodSecurityConfiguration' of type [org.springframework.security.config.annotation.method.configuration.GlobalMethodSecurityConfiguration$$EnhancerBySpringCGLIB$$bf4fd438] is not eligible for getting processed by all BeanPostProcessors (for example: not eligible for auto-proxying)
2020-01-30 09:42:41,834 INFO org.springframework.context.support.PostProcessorRegistrationDelegate$BeanPostProcessorChecker [restartedMain] Bean 'methodSecurityMetadataSource' of type [org.springframework.security.access.method.DelegatingMethodSecurityMetadataSource] is not eligible for getting processed by all BeanPostProcessors (for example: not eligible for auto-proxying)
2020-01-30 09:42:42,961 INFO org.springframework.boot.web.embedded.tomcat.TomcatWebServer [restartedMain] Tomcat initialized with port(s): 8080 (http)
2020-01-30 09:42:42,984 INFO org.apache.juli.logging.DirectJDKLog [restartedMain] Initializing ProtocolHandler ["http-nio-8080"]
2020-01-30 09:42:43,001 INFO org.apache.juli.logging.DirectJDKLog [restartedMain] Starting service [Tomcat]
2020-01-30 09:42:43,001 INFO org.apache.juli.logging.DirectJDKLog [restartedMain] Starting Servlet Engine: Apache Tomcat/8.5.28
2020-01-30 09:42:43,016 INFO org.apache.juli.logging.DirectJDKLog [localhost-startStop-1] The APR based Apache Tomcat Native library which allows optimal performance in production environments was not found on the java.library.path: [C:\Program Files\Java\jdk1.8.0_231\bin;C:\Windows\Sun\Java\bin;C:\Windows\system32;C:\Windows;C:\Program Files\Java\jdk1.8.0_231\bin;C:\Program Files (x86)\Common Files\Oracle\Java\javapath;D:\dev\tools\apache-maven-3.6.2\bin;C:\Windows\system32;C:\Windows;C:\Windows\System32\Wbem;C:\Windows\System32\WindowsPowerShell\v1.0\;C:\Windows\System32\OpenSSH\;C:\Program Files\Git\cmd;C:\Program Files\IcedTeaWeb\WebStart\bin;C:\Program Files\nodejs\;C:\Users\norbert.kovacs\AppData\Local\Microsoft\WindowsApps;C:\Program Files\Java\jdk1.8.0_231\bin;D:\dev\tools\apache-maven-3.6.2\bin;C:\Users\norbert.kovacs\AppData\Roaming\npm;C:\Users\norbert.kovacs\AppData\Local\Programs\Microsoft VS Code\bin;C:\Users\norbert.kovacs\AppData\Local\GitHubDesktop\bin;.]
2020-01-30 09:42:43,552 INFO org.apache.juli.logging.DirectJDKLog [localhost-startStop-1] At least one JAR was scanned for TLDs yet contained no TLDs. Enable debug logging for this logger for a complete list of JARs that were scanned but no TLDs were found in them. Skipping unneeded JARs during scanning can improve startup time and JSP compilation time.
2020-01-30 09:42:43,566 INFO org.apache.juli.logging.DirectJDKLog [localhost-startStop-1] Initializing Spring embedded WebApplicationContext
2020-01-30 09:42:43,567 INFO org.springframework.boot.web.servlet.context.ServletWebServerApplicationContext [localhost-startStop-1] Root WebApplicationContext: initialization completed in 5456 ms
2020-01-30 09:42:44,370 INFO com.zaxxer.hikari.HikariDataSource [localhost-startStop-1] HikariPool-1 - Starting...
2020-01-30 09:42:44,703 INFO com.zaxxer.hikari.HikariDataSource [localhost-startStop-1] HikariPool-1 - Start completed.
2020-01-30 09:42:48,068 INFO liquibase.logging.core.Slf4jLogger [localhost-startStop-1] SELECT COUNT(*) FROM vinyl_store_test.DATABASECHANGELOGLOCK
2020-01-30 09:42:48,083 INFO liquibase.logging.core.Slf4jLogger [localhost-startStop-1] SELECT COUNT(*) FROM vinyl_store_test.DATABASECHANGELOGLOCK
2020-01-30 09:42:48,088 INFO liquibase.logging.core.Slf4jLogger [localhost-startStop-1] SELECT `LOCKED` FROM vinyl_store_test.DATABASECHANGELOGLOCK WHERE ID=1
2020-01-30 09:42:48,118 INFO liquibase.logging.core.Slf4jLogger [localhost-startStop-1] Successfully acquired change log lock
2020-01-30 09:42:51,660 INFO liquibase.logging.core.Slf4jLogger [localhost-startStop-1] SELECT MD5SUM FROM vinyl_store_test.DATABASECHANGELOG WHERE MD5SUM IS NOT NULL LIMIT 1
2020-01-30 09:42:51,662 INFO liquibase.logging.core.Slf4jLogger [localhost-startStop-1] SELECT COUNT(*) FROM vinyl_store_test.DATABASECHANGELOG
2020-01-30 09:42:51,663 INFO liquibase.logging.core.Slf4jLogger [localhost-startStop-1] Reading from vinyl_store_test.DATABASECHANGELOG
2020-01-30 09:42:51,664 INFO liquibase.logging.core.Slf4jLogger [localhost-startStop-1] SELECT * FROM vinyl_store_test.DATABASECHANGELOG ORDER BY DATEEXECUTED ASC, ORDEREXECUTED ASC
2020-01-30 09:42:51,672 INFO liquibase.logging.core.Slf4jLogger [localhost-startStop-1] Successfully released change log lock
2020-01-30 09:42:52,243 INFO org.springframework.orm.jpa.LocalContainerEntityManagerFactoryBean [localhost-startStop-1] Building JPA container EntityManagerFactory for persistence unit 'default'
2020-01-30 09:42:52,283 INFO org.hibernate.jpa.internal.util.LogHelper [localhost-startStop-1] HHH000204: Processing PersistenceUnitInfo [
	name: default
	...]
2020-01-30 09:42:52,375 INFO org.hibernate.Version [localhost-startStop-1] HHH000412: Hibernate Core {5.2.14.Final}
2020-01-30 09:42:52,379 INFO org.hibernate.cfg.Environment [localhost-startStop-1] HHH000206: hibernate.properties not found
2020-01-30 09:42:52,429 INFO org.hibernate.annotations.common.reflection.java.JavaReflectionManager [localhost-startStop-1] HCANN000001: Hibernate Commons Annotations {5.0.1.Final}
2020-01-30 09:42:52,688 INFO org.hibernate.dialect.Dialect [localhost-startStop-1] HHH000400: Using dialect: org.hibernate.dialect.MySQL5InnoDBDialect
2020-01-30 09:42:53,809 INFO org.springframework.orm.jpa.AbstractEntityManagerFactoryBean [localhost-startStop-1] Initialized JPA EntityManagerFactory for persistence unit 'default'
2020-01-30 09:42:54,378 INFO org.springframework.boot.web.servlet.AbstractFilterRegistrationBean [localhost-startStop-1] Mapping filter: 'characterEncodingFilter' to: [/*]
2020-01-30 09:42:54,379 INFO org.springframework.boot.web.servlet.AbstractFilterRegistrationBean [localhost-startStop-1] Mapping filter: 'hiddenHttpMethodFilter' to: [/*]
2020-01-30 09:42:54,379 INFO org.springframework.boot.web.servlet.AbstractFilterRegistrationBean [localhost-startStop-1] Mapping filter: 'httpPutFormContentFilter' to: [/*]
2020-01-30 09:42:54,379 INFO org.springframework.boot.web.servlet.AbstractFilterRegistrationBean [localhost-startStop-1] Mapping filter: 'requestContextFilter' to: [/*]
2020-01-30 09:42:54,380 INFO org.springframework.boot.web.servlet.AbstractFilterRegistrationBean [localhost-startStop-1] Mapping filter: 'springSecurityFilterChain' to: [/*]
2020-01-30 09:42:54,380 INFO org.springframework.boot.web.servlet.AbstractFilterRegistrationBean [localhost-startStop-1] Mapping filter: 'jwtRequestFilter' to: [/*]
2020-01-30 09:42:54,380 INFO org.springframework.boot.web.servlet.ServletRegistrationBean [localhost-startStop-1] Servlet dispatcherServlet mapped to [/]
2020-01-30 09:42:54,408 DEBUG org.springframework.web.filter.GenericFilterBean [localhost-startStop-1] Initializing filter 'jwtRequestFilter'
2020-01-30 09:42:54,408 DEBUG org.springframework.web.filter.GenericFilterBean [localhost-startStop-1] Filter 'jwtRequestFilter' configured successfully
2020-01-30 09:42:55,548 WARN org.springframework.boot.autoconfigure.orm.jpa.JpaBaseConfiguration$JpaWebConfiguration$JpaWebMvcConfiguration [restartedMain] spring.jpa.open-in-view is enabled by default. Therefore, database queries may be performed during view rendering. Explicitly configure spring.jpa.open-in-view to disable this warning
2020-01-30 09:42:55,629 INFO org.springframework.web.servlet.handler.AbstractHandlerMethodMapping$MappingRegistry [restartedMain] Mapped "{[/VinylStore/api/users/login],methods=[POST],produces=[application/json]}" onto public org.springframework.http.ResponseEntity<?> com.vinyl.controller.CommonController.createAuthenticationToken(com.vinyl.model.JwtRequest)
2020-01-30 09:42:55,634 INFO org.springframework.web.servlet.handler.AbstractHandlerMethodMapping$MappingRegistry [restartedMain] Mapped "{[/VinylStore/api/vinyls],methods=[GET],produces=[application/json]}" onto public java.util.List<com.vinyl.DTO.ItemDTO> com.vinyl.controller.CommonController.getVinyl(java.lang.String)
2020-01-30 09:42:55,634 INFO org.springframework.web.servlet.handler.AbstractHandlerMethodMapping$MappingRegistry [restartedMain] Mapped "{[/VinylStore/api/users/delete],methods=[DELETE],produces=[application/json]}" onto public void com.vinyl.controller.CommonController.deleteUser(java.lang.String)
2020-01-30 09:42:55,640 INFO org.springframework.web.servlet.handler.AbstractHandlerMethodMapping$MappingRegistry [restartedMain] Mapped "{[/VinylStore/api/users],methods=[POST],produces=[application/json]}" onto public void com.vinyl.controller.CustomerController.addUser(com.vinyl.model.User)
2020-01-30 09:42:55,642 INFO org.springframework.web.servlet.handler.AbstractHandlerMethodMapping$MappingRegistry [restartedMain] Mapped "{[/VinylStore/api/users/cart/{item_id}],methods=[DELETE],produces=[application/json]}" onto public void com.vinyl.controller.CustomerController.removeVinyl(java.lang.String,java.lang.Long)
2020-01-30 09:42:55,643 INFO org.springframework.web.servlet.handler.AbstractHandlerMethodMapping$MappingRegistry [restartedMain] Mapped "{[/VinylStore/api/orders],methods=[PUT],produces=[application/json]}" onto public void com.vinyl.controller.CustomerController.placeOrder(java.lang.String)
2020-01-30 09:42:55,644 INFO org.springframework.web.servlet.handler.AbstractHandlerMethodMapping$MappingRegistry [restartedMain] Mapped "{[/VinylStore/api/users/orders],methods=[GET],produces=[application/json]}" onto public org.springframework.http.ResponseEntity<java.lang.Object> com.vinyl.controller.CustomerController.getUserOrder(java.lang.String)
2020-01-30 09:42:55,644 INFO org.springframework.web.servlet.handler.AbstractHandlerMethodMapping$MappingRegistry [restartedMain] Mapped "{[/VinylStore/api/customer/cart/detail],methods=[GET],produces=[application/json]}" onto public org.springframework.http.ResponseEntity<java.lang.Object> com.vinyl.controller.CustomerController.getCart(java.lang.String)
2020-01-30 09:42:55,645 INFO org.springframework.web.servlet.handler.AbstractHandlerMethodMapping$MappingRegistry [restartedMain] Mapped "{[/VinylStore/api/vinyls/cart/{vinyl_id}],methods=[POST],produces=[application/json]}" onto public void com.vinyl.controller.CustomerController.addVinyl(java.lang.String,java.lang.Long,com.vinyl.DTO.CartItemQuantityDTO)
2020-01-30 09:42:55,649 INFO org.springframework.web.servlet.handler.AbstractHandlerMethodMapping$MappingRegistry [restartedMain] Mapped "{[/VinylStore/api/vinyls/{vinyl_id}],methods=[GET],produces=[application/json]}" onto public org.springframework.http.ResponseEntity<?> com.vinyl.controller.ManagerController.getVinyl(java.lang.String,java.lang.Long)
2020-01-30 09:42:55,650 INFO org.springframework.web.servlet.handler.AbstractHandlerMethodMapping$MappingRegistry [restartedMain] Mapped "{[/VinylStore/api/users/{user_id}/orders],methods=[GET],produces=[application/json]}" onto public org.springframework.http.ResponseEntity<java.lang.Object> com.vinyl.controller.ManagerController.getUserOrder(java.lang.String,java.lang.Long)
2020-01-30 09:42:55,651 INFO org.springframework.web.servlet.handler.AbstractHandlerMethodMapping$MappingRegistry [restartedMain] Mapped "{[/VinylStore/api/vinylsAdd],methods=[POST],produces=[application/json]}" onto public void com.vinyl.controller.ManagerController.addVinyl(java.lang.String,com.vinyl.model.Item)
2020-01-30 09:42:55,652 INFO org.springframework.web.servlet.handler.AbstractHandlerMethodMapping$MappingRegistry [restartedMain] Mapped "{[/VinylStore/api/vinyls/update/{vinyl_id}],methods=[PUT],produces=[application/json]}" onto public void com.vinyl.controller.ManagerController.updateVinyl(java.lang.String,com.vinyl.model.Item,java.lang.Long)
2020-01-30 09:42:55,652 INFO org.springframework.web.servlet.handler.AbstractHandlerMethodMapping$MappingRegistry [restartedMain] Mapped "{[/VinylStore/api/orders/{order_id}],methods=[PUT],produces=[application/json]}" onto public void com.vinyl.controller.ManagerController.updateOrder(java.lang.String,com.vinyl.DTO.StatusDTO,java.lang.Long)
2020-01-30 09:42:55,653 INFO org.springframework.web.servlet.handler.AbstractHandlerMethodMapping$MappingRegistry [restartedMain] Mapped "{[/VinylStore/api/vinyls/{vinyl_id}],methods=[DELETE],produces=[application/json]}" onto public void com.vinyl.controller.ManagerController.deleteVinyl(java.lang.String,java.lang.Long)
2020-01-30 09:42:55,654 INFO org.springframework.web.servlet.handler.AbstractHandlerMethodMapping$MappingRegistry [restartedMain] Mapped "{[/VinylStore/api/customers],methods=[GET],produces=[application/json]}" onto public org.springframework.http.ResponseEntity<java.lang.Object> com.vinyl.controller.ManagerController.getCustomers(java.lang.String)
2020-01-30 09:42:55,659 INFO org.springframework.web.servlet.handler.AbstractHandlerMethodMapping$MappingRegistry [restartedMain] Mapped "{[/VinylStore/api/managers],methods=[POST],produces=[application/json]}" onto public void com.vinyl.controller.ManagerController.addManager(com.vinyl.model.User)
2020-01-30 09:42:55,661 INFO org.springframework.web.servlet.handler.AbstractHandlerMethodMapping$MappingRegistry [restartedMain] Mapped "{[/VinylStore/api/verifyManager],methods=[GET]}" onto public org.springframework.http.ResponseEntity<com.vinyl.DTO.UserRoleDTO> com.vinyl.controller.ManagerController.verifyManager(java.lang.String)
2020-01-30 09:42:55,668 INFO org.springframework.web.servlet.handler.AbstractHandlerMethodMapping$MappingRegistry [restartedMain] Mapped "{[/swagger-resources/configuration/security]}" onto public org.springframework.http.ResponseEntity<springfox.documentation.swagger.web.SecurityConfiguration> springfox.documentation.swagger.web.ApiResourceController.securityConfiguration()
2020-01-30 09:42:55,670 INFO org.springframework.web.servlet.handler.AbstractHandlerMethodMapping$MappingRegistry [restartedMain] Mapped "{[/swagger-resources/configuration/ui]}" onto public org.springframework.http.ResponseEntity<springfox.documentation.swagger.web.UiConfiguration> springfox.documentation.swagger.web.ApiResourceController.uiConfiguration()
2020-01-30 09:42:55,672 INFO org.springframework.web.servlet.handler.AbstractHandlerMethodMapping$MappingRegistry [restartedMain] Mapped "{[/swagger-resources]}" onto public org.springframework.http.ResponseEntity<java.util.List<springfox.documentation.swagger.web.SwaggerResource>> springfox.documentation.swagger.web.ApiResourceController.swaggerResources()
2020-01-30 09:42:55,679 INFO org.springframework.web.servlet.handler.AbstractHandlerMethodMapping$MappingRegistry [restartedMain] Mapped "{[/error]}" onto public org.springframework.http.ResponseEntity<java.util.Map<java.lang.String, java.lang.Object>> org.springframework.boot.autoconfigure.web.servlet.error.BasicErrorController.error(javax.servlet.http.HttpServletRequest)
2020-01-30 09:42:55,679 INFO org.springframework.web.servlet.handler.AbstractHandlerMethodMapping$MappingRegistry [restartedMain] Mapped "{[/error],produces=[text/html]}" onto public org.springframework.web.servlet.ModelAndView org.springframework.boot.autoconfigure.web.servlet.error.BasicErrorController.errorHtml(javax.servlet.http.HttpServletRequest,javax.servlet.http.HttpServletResponse)
2020-01-30 09:42:56,058 INFO springfox.documentation.spring.web.PropertySourcedRequestMappingHandlerMapping [restartedMain] Mapped URL path [/v2/api-docs] onto method [public org.springframework.http.ResponseEntity<springfox.documentation.spring.web.json.Json> springfox.documentation.swagger2.web.Swagger2Controller.getDocumentation(java.lang.String,javax.servlet.http.HttpServletRequest)]
2020-01-30 09:42:56,335 INFO org.springframework.security.web.DefaultSecurityFilterChain [restartedMain] Creating filter chain: org.springframework.security.web.util.matcher.AnyRequestMatcher@1, [org.springframework.security.web.context.request.async.WebAsyncManagerIntegrationFilter@3cca9d6b, org.springframework.security.web.context.SecurityContextPersistenceFilter@7b85046b, org.springframework.security.web.header.HeaderWriterFilter@7234267d, org.springframework.web.filter.CorsFilter@7ed2f226, org.springframework.security.web.authentication.logout.LogoutFilter@7a802280, com.vinyl.config.JwtRequestFilter@204ebf8a, org.springframework.security.web.savedrequest.RequestCacheAwareFilter@6f19aa45, org.springframework.security.web.servletapi.SecurityContextHolderAwareRequestFilter@18544e2c, org.springframework.security.web.authentication.AnonymousAuthenticationFilter@576e2189, org.springframework.security.web.session.SessionManagementFilter@6137c66, org.springframework.security.web.access.ExceptionTranslationFilter@40fe5c09, org.springframework.security.web.access.intercept.FilterSecurityInterceptor@7d85ebe9]
2020-01-30 09:42:56,720 INFO org.springframework.web.servlet.mvc.method.annotation.RequestMappingHandlerAdapter [restartedMain] Looking for @ControllerAdvice: org.springframework.boot.web.servlet.context.AnnotationConfigServletWebServerApplicationContext@7712a8b: startup date [Thu Jan 30 09:42:38 EET 2020]; root of context hierarchy
2020-01-30 09:42:56,848 INFO org.springframework.web.servlet.handler.AbstractUrlHandlerMapping [restartedMain] Mapped URL path [/config/swagger_config.yaml] onto handler of type [class org.springframework.web.servlet.resource.ResourceHttpRequestHandler]
2020-01-30 09:42:56,849 INFO org.springframework.web.servlet.handler.AbstractUrlHandlerMapping [restartedMain] Mapped URL path [/webjars/**] onto handler of type [class org.springframework.web.servlet.resource.ResourceHttpRequestHandler]
2020-01-30 09:42:56,849 INFO org.springframework.web.servlet.handler.AbstractUrlHandlerMapping [restartedMain] Mapped URL path [/**] onto handler of type [class org.springframework.web.servlet.resource.ResourceHttpRequestHandler]
2020-01-30 09:42:56,945 INFO org.springframework.web.servlet.handler.AbstractUrlHandlerMapping [restartedMain] Mapped URL path [/**/favicon.ico] onto handler of type [class org.springframework.web.servlet.resource.ResourceHttpRequestHandler]
2020-01-30 09:42:57,475 INFO org.springframework.boot.devtools.autoconfigure.OptionalLiveReloadServer [restartedMain] LiveReload server is running on port 35729
2020-01-30 09:42:57,569 INFO org.springframework.jmx.export.MBeanExporter [restartedMain] Registering beans for JMX exposure on startup
2020-01-30 09:42:57,572 INFO org.springframework.jmx.export.MBeanExporter [restartedMain] Bean with name 'dataSource' has been autodetected for JMX exposure
2020-01-30 09:42:57,580 INFO org.springframework.jmx.export.MBeanExporter [restartedMain] Located MBean 'dataSource': registering with JMX server as MBean [com.zaxxer.hikari:name=dataSource,type=HikariDataSource]
2020-01-30 09:42:57,588 INFO org.springframework.context.support.DefaultLifecycleProcessor$LifecycleGroup [restartedMain] Starting beans in phase 2147483647
2020-01-30 09:42:57,589 INFO springfox.documentation.spring.web.plugins.DocumentationPluginsBootstrapper [restartedMain] Context refreshed
2020-01-30 09:42:57,620 INFO springfox.documentation.spring.web.plugins.DocumentationPluginsBootstrapper [restartedMain] Found 1 custom documentation plugin(s)
2020-01-30 09:42:57,661 INFO springfox.documentation.spring.web.scanners.ApiListingReferenceScanner [restartedMain] Scanning for api listing references
2020-01-30 09:42:57,989 INFO springfox.documentation.spring.web.readers.operation.CachingOperationNameGenerator [restartedMain] Generating unique operation named: addVinylUsingPOST_1
2020-01-30 09:42:57,994 INFO springfox.documentation.spring.web.readers.operation.CachingOperationNameGenerator [restartedMain] Generating unique operation named: getUserOrderUsingGET_1
2020-01-30 09:42:57,996 INFO springfox.documentation.spring.web.readers.operation.CachingOperationNameGenerator [restartedMain] Generating unique operation named: getVinylUsingGET_1
2020-01-30 09:42:58,026 INFO org.apache.juli.logging.DirectJDKLog [restartedMain] Starting ProtocolHandler ["http-nio-8080"]
2020-01-30 09:42:58,040 INFO org.apache.juli.logging.DirectJDKLog [restartedMain] Using a shared selector for servlet write/read
2020-01-30 09:42:58,108 INFO org.springframework.boot.web.embedded.tomcat.TomcatWebServer [restartedMain] Tomcat started on port(s): 8080 (http) with context path ''
2020-01-30 09:42:58,113 INFO org.springframework.boot.StartupInfoLogger [restartedMain] Started VinylApplication in 21.664 seconds (JVM running for 23.504)
2020-01-30 09:43:09,845 INFO org.apache.juli.logging.DirectJDKLog [http-nio-8080-exec-10] Initializing Spring FrameworkServlet 'dispatcherServlet'
2020-01-30 09:43:09,845 INFO org.springframework.web.servlet.FrameworkServlet [http-nio-8080-exec-10] FrameworkServlet 'dispatcherServlet': initialization started
2020-01-30 09:43:09,879 INFO org.springframework.web.servlet.FrameworkServlet [http-nio-8080-exec-10] FrameworkServlet 'dispatcherServlet': initialization completed in 33 ms
2020-01-30 09:43:09,911 WARN com.vinyl.config.JwtRequestFilter [http-nio-8080-exec-10] JWT Token does not begin with Bearer String
2020-01-30 09:43:10,220 WARN com.vinyl.config.JwtRequestFilter [http-nio-8080-exec-9] JWT Token does not begin with Bearer String
2020-01-30 09:43:12,707 WARN com.vinyl.config.JwtRequestFilter [http-nio-8080-exec-8] JWT Token does not begin with Bearer String
2020-01-30 09:43:12,747 WARN com.vinyl.config.JwtRequestFilter [http-nio-8080-exec-7] JWT Token does not begin with Bearer String
2020-01-30 09:43:12,747 WARN com.vinyl.config.JwtRequestFilter [http-nio-8080-exec-5] JWT Token does not begin with Bearer String
2020-01-30 09:43:12,747 WARN com.vinyl.config.JwtRequestFilter [http-nio-8080-exec-6] JWT Token does not begin with Bearer String
2020-01-30 09:43:12,773 WARN com.vinyl.config.JwtRequestFilter [http-nio-8080-exec-4] JWT Token does not begin with Bearer String
2020-01-30 09:43:12,791 WARN com.vinyl.config.JwtRequestFilter [http-nio-8080-exec-3] JWT Token does not begin with Bearer String
2020-01-30 09:43:13,107 WARN com.vinyl.config.JwtRequestFilter [http-nio-8080-exec-2] JWT Token does not begin with Bearer String
2020-01-30 09:43:13,193 WARN com.vinyl.config.JwtRequestFilter [http-nio-8080-exec-10] JWT Token does not begin with Bearer String
2020-01-30 09:43:13,195 WARN com.vinyl.config.JwtRequestFilter [http-nio-8080-exec-1] JWT Token does not begin with Bearer String
2020-01-30 09:43:13,213 WARN com.vinyl.config.JwtRequestFilter [http-nio-8080-exec-9] JWT Token does not begin with Bearer String
2020-01-30 09:43:13,227 WARN com.vinyl.config.JwtRequestFilter [http-nio-8080-exec-8] JWT Token does not begin with Bearer String
2020-01-30 09:43:13,237 WARN com.vinyl.config.JwtRequestFilter [http-nio-8080-exec-7] JWT Token does not begin with Bearer String
2020-01-30 09:43:13,537 WARN com.vinyl.config.JwtRequestFilter [http-nio-8080-exec-6] JWT Token does not begin with Bearer String
2020-01-30 09:43:13,571 WARN com.vinyl.config.JwtRequestFilter [http-nio-8080-exec-4] JWT Token does not begin with Bearer String
2020-01-30 09:43:13,583 WARN com.vinyl.config.JwtRequestFilter [http-nio-8080-exec-5] JWT Token does not begin with Bearer String
2020-01-30 09:43:13,627 WARN com.vinyl.config.JwtRequestFilter [http-nio-8080-exec-2] JWT Token does not begin with Bearer String
2020-01-30 09:43:13,627 WARN com.vinyl.config.JwtRequestFilter [http-nio-8080-exec-3] JWT Token does not begin with Bearer String
2020-01-30 09:43:13,691 WARN com.vinyl.config.JwtRequestFilter [http-nio-8080-exec-10] JWT Token does not begin with Bearer String
2020-01-30 09:43:13,697 WARN com.vinyl.config.JwtRequestFilter [http-nio-8080-exec-1] JWT Token does not begin with Bearer String
2020-01-30 09:43:14,275 WARN com.vinyl.config.JwtRequestFilter [http-nio-8080-exec-7] JWT Token does not begin with Bearer String
2020-01-30 09:43:14,287 WARN com.vinyl.config.JwtRequestFilter [http-nio-8080-exec-8] JWT Token does not begin with Bearer String
2020-01-30 09:43:14,288 WARN com.vinyl.config.JwtRequestFilter [http-nio-8080-exec-9] JWT Token does not begin with Bearer String
2020-01-30 09:43:15,010 WARN com.vinyl.config.JwtRequestFilter [http-nio-8080-exec-6] JWT Token does not begin with Bearer String
2020-01-30 09:43:15,935 WARN com.vinyl.config.JwtRequestFilter [http-nio-8080-exec-4] JWT Token does not begin with Bearer String
